2025-11-21T09:48:13.623+0300	[34mINFO[0m	api/main.go:59	Starting Tropa Nartov API	{"environment": "development", "version": "1.0.0", "port": "8001"}
2025-11-21T09:48:13.631+0300	[34mINFO[0m	api/main.go:70	Database connected successfully
2025-11-21T09:48:13.784+0300	[34mINFO[0m	api/main.go:76	Database migrations completed
[GIN-debug] [WARNING] Creating an Engine instance with the Logger and Recovery middleware already attached.

[GIN-debug] [WARNING] Running in "debug" mode. Switch to "release" mode in production.
 - using env:	export GIN_MODE=release
 - using code:	gin.SetMode(gin.ReleaseMode)

2025-11-21T09:48:13.784+0300	[34mINFO[0m	api/main.go:91	Rate limiting enabled	{"limit": 100, "period": "1 minute"}
2025-11-21T09:48:13.784+0300	[34mINFO[0m	api/main.go:121	CORS configured	{"allowed_origins": ["http://localhost:3000", "http://localhost:8080"]}
2025-11-21T09:48:13.784+0300	[34mINFO[0m	api/main.go:133	Setting up routes...
[GIN-debug] POST   /auth/register            --> tropa-nartov-backend/internal/routes.SetupAuthRoutes.func1 (6 handlers)
[GIN-debug] POST   /auth/login               --> tropa-nartov-backend/internal/routes.SetupAuthRoutes.func2 (7 handlers)
[GIN-debug] GET    /auth/profile             --> tropa-nartov-backend/internal/routes.SetupAuthRoutes.func3 (7 handlers)
[GIN-debug] PUT    /auth/profile             --> tropa-nartov-backend/internal/routes.SetupAuthRoutes.func4 (7 handlers)
[GIN-debug] POST   /auth/forgot-password     --> tropa-nartov-backend/internal/routes.SetupAuthRoutes.func5 (7 handlers)
[GIN-debug] POST   /auth/verify-reset-code   --> tropa-nartov-backend/internal/routes.SetupAuthRoutes.func6 (6 handlers)
[GIN-debug] POST   /auth/reset-password      --> tropa-nartov-backend/internal/routes.SetupAuthRoutes.func7 (6 handlers)
[GIN-debug] DELETE /auth/delete-account      --> tropa-nartov-backend/internal/routes.SetupAuthRoutes.func8 (7 handlers)
[GIN-debug] POST   /auth/upload-avatar       --> tropa-nartov-backend/internal/routes.SetupAuthRoutes.func9 (7 handlers)
[GIN-debug] DELETE /auth/delete-avatar       --> tropa-nartov-backend/internal/routes.SetupAuthRoutes.func10 (7 handlers)
[GIN-debug] PUT    /auth/change-password     --> tropa-nartov-backend/internal/routes.SetupAuthRoutes.func11 (7 handlers)
[GIN-debug] GET    /uploads/*filepath        --> github.com/gin-gonic/gin.(*RouterGroup).createStaticHandler.func1 (6 handlers)
[GIN-debug] HEAD   /uploads/*filepath        --> github.com/gin-gonic/gin.(*RouterGroup).createStaticHandler.func1 (6 handlers)
[GIN-debug] GET    /places                   --> tropa-nartov-backend/internal/routes.SetupPlaceRoutes.func1 (6 handlers)
[GIN-debug] GET    /places/:id               --> tropa-nartov-backend/internal/routes.SetupPlaceRoutes.func2 (6 handlers)
[GIN-debug] POST   /places                   --> tropa-nartov-backend/internal/routes.SetupPlaceRoutes.func3 (8 handlers)
[GIN-debug] PUT    /places/:id               --> tropa-nartov-backend/internal/routes.SetupPlaceRoutes.func4 (8 handlers)
[GIN-debug] DELETE /places/:id               --> tropa-nartov-backend/internal/routes.SetupPlaceRoutes.func5 (8 handlers)
[GIN-debug] GET    /routes                   --> tropa-nartov-backend/internal/routes.SetupRouteRoutes.func1 (6 handlers)
[GIN-debug] GET    /routes/debug/all         --> tropa-nartov-backend/internal/routes.SetupRouteRoutes.func2 (6 handlers)
[GIN-debug] GET    /routes/:id               --> tropa-nartov-backend/internal/routes.SetupRouteRoutes.func3 (6 handlers)
[GIN-debug] POST   /routes                   --> tropa-nartov-backend/internal/routes.SetupRouteRoutes.func4 (7 handlers)
[GIN-debug] PUT    /routes/:id               --> tropa-nartov-backend/internal/routes.SetupRouteRoutes.func5 (6 handlers)
[GIN-debug] DELETE /routes/:id               --> tropa-nartov-backend/internal/routes.SetupRouteRoutes.func6 (6 handlers)
[GIN-debug] GET    /reviews/place/:placeId   --> tropa-nartov-backend/internal/routes.SetupReviewRoutes.func1 (6 handlers)
[GIN-debug] POST   /reviews                  --> tropa-nartov-backend/internal/routes.SetupReviewRoutes.func2 (7 handlers)
[GIN-debug] DELETE /reviews/:id              --> tropa-nartov-backend/internal/routes.SetupReviewRoutes.func3 (7 handlers)
[GIN-debug] GET    /favorites/places         --> tropa-nartov-backend/internal/routes.SetupFavoriteRoutes.func1 (7 handlers)
[GIN-debug] POST   /favorites/places/:placeId --> tropa-nartov-backend/internal/routes.SetupFavoriteRoutes.func2 (7 handlers)
[GIN-debug] DELETE /favorites/places/:placeId --> tropa-nartov-backend/internal/routes.SetupFavoriteRoutes.func3 (7 handlers)
[GIN-debug] GET    /favorites/places/:placeId/status --> tropa-nartov-backend/internal/routes.SetupFavoriteRoutes.func4 (7 handlers)
[GIN-debug] GET    /favorites/routes         --> tropa-nartov-backend/internal/routes.SetupFavoriteRoutes.func5 (7 handlers)
[GIN-debug] POST   /favorites/routes/:routeId --> tropa-nartov-backend/internal/routes.SetupFavoriteRoutes.func6 (7 handlers)
[GIN-debug] DELETE /favorites/routes/:routeId --> tropa-nartov-backend/internal/routes.SetupFavoriteRoutes.func7 (7 handlers)
[GIN-debug] GET    /favorites/routes/:routeId/status --> tropa-nartov-backend/internal/routes.SetupFavoriteRoutes.func8 (7 handlers)
[GIN-debug] POST   /favorites/routes/statuses --> tropa-nartov-backend/internal/routes.SetupFavoriteRoutes.func9 (7 handlers)
[GIN-debug] GET    /user/activity/places/statuses --> tropa-nartov-backend/internal/routes.SetupActivityRoutes.func1 (7 handlers)
[GIN-debug] GET    /user/activity/places     --> tropa-nartov-backend/internal/routes.SetupActivityRoutes.func2 (7 handlers)
[GIN-debug] GET    /user/activity/routes     --> tropa-nartov-backend/internal/routes.SetupActivityRoutes.func3 (7 handlers)
[GIN-debug] POST   /user/activity/places/:placeId --> tropa-nartov-backend/internal/routes.SetupActivityRoutes.func4 (7 handlers)
[GIN-debug] POST   /user/activity/routes/:routeId --> tropa-nartov-backend/internal/routes.SetupActivityRoutes.func5 (7 handlers)
[GIN-debug] DELETE /user/activity/places/:placeId --> tropa-nartov-backend/internal/routes.SetupActivityRoutes.func6 (7 handlers)
[GIN-debug] DELETE /user/activity/routes/:routeId --> tropa-nartov-backend/internal/routes.SetupActivityRoutes.func7 (7 handlers)
[GIN-debug] GET    /user/activity            --> tropa-nartov-backend/internal/routes.SetupActivityRoutes.func8 (7 handlers)
2025-11-21T09:48:13.785+0300	[34mINFO[0m	api/main.go:140	Routes configured successfully
[GIN-debug] GET    /swagger/*any             --> github.com/swaggo/gin-swagger.CustomWrapHandler.func1 (6 handlers)
2025-11-21T09:48:13.785+0300	[34mINFO[0m	api/main.go:144	Swagger documentation available at /swagger/index.html
[GIN-debug] GET    /ping                     --> main.main.func1 (6 handlers)
2025-11-21T09:48:13.785+0300	[34mINFO[0m	api/main.go:161	Server starting	{"port": "8001", "host": "localhost"}
2025-11-21T09:48:13.785+0300	[34mINFO[0m	api/main.go:165	Available endpoints:	{"auth": ["POST /auth/register", "POST /auth/login", "POST /auth/forgot-password", "POST /auth/verify-reset-code", "POST /auth/reset-password", "DELETE /auth/delete-account (protected)", "POST /auth/upload-avatar (protected)", "DELETE /auth/delete-avatar (protected)"], "public": ["GET /ping", "GET /places", "GET /routes", "GET /reviews/place/:placeId"], "protected": ["POST /reviews", "GET /favorites/places", "POST /favorites/places/:placeId", "DELETE /favorites/places/:placeId", "GET /favorites/places/:placeId/status"]}
[GIN-debug] [WARNING] You trusted all proxies, this is NOT safe. We recommend you to set a value.
Please check https://github.com/gin-gonic/gin/blob/master/docs/doc.md#dont-trust-all-proxies for details.
[GIN-debug] Listening and serving HTTP on :8001
[GIN-debug] [ERROR] listen tcp :8001: bind: address already in use
